<?xml version="1.0" encoding="UTF-8"?>
<!-- Generated by org.testng.reporters.JUnitReportReporter -->
<testsuite hostname="LAPTOP-DI0Q8O11" failures="0" tests="1" name="FetchWeather.FetchWeatherReportTest" time="6.247" errors="0" timestamp="2022-08-12T23:33:04 IST" skipped="0">
  <testcase classname="FetchWeather.FetchWeatherReportTest" name="fetchWeatherReportTest" time="6.247"/>
  <system-out/>
</testsuite> <!-- FetchWeather.FetchWeatherReportTest -->
