<?xml version="1.0" encoding="UTF-8"?>
<!-- Generated by org.testng.reporters.JUnitReportReporter -->
<testsuite hostname="LAPTOP-DI0Q8O11" failures="0" tests="1" name="FetchWeatherReport" time="5.550" errors="0" timestamp="2022-08-12T23:27:18 IST" skipped="0">
  <testcase classname="FetchWeatherReport" name="fetchWeatherReport" time="5.550"/>
  <system-out/>
</testsuite> <!-- FetchWeatherReport -->
